Using pre-set license
Built from '2020.3/staging' branch; Version is '2020.3.21f1 (a38c86f6690f) revision 10718342'; Using compiler version '192528614'; Build Type 'Release'
OS: 'Windows 10 Home; OS build 19042.1348; Version 2009; 64bit' Language: 'en' Physical Memory: 16204 MB
BatchMode: 1, IsHumanControllingUs: 0, StartBugReporterOnCrash: 0, Is64bit: 1, IsPro: 0

COMMAND LINE ARGUMENTS:
C:\Program Files\Unity 2020.3.21f1\Editor\Unity.exe
-adb2
-batchMode
-noUpm
-name
AssetImportWorker0
-projectPath
D:/Project/BugZone
-logFile
Logs/AssetImportWorker0.log
-srvPort
1473
Successfully changed project path to: D:/Project/BugZone
D:/Project/BugZone
Using Asset Import Pipeline V2.
Refreshing native plugins compatible for Editor in 42.61 ms, found 2 plugins.
Preloading 0 native plugins for Editor in 0.00 ms.
Initialize engine version: 2020.3.21f1 (a38c86f6690f)
[Subsystems] Discovering subsystems at path C:/Program Files/Unity 2020.3.21f1/Editor/Data/Resources/UnitySubsystems
[Subsystems] Discovering subsystems at path D:/Project/BugZone/Assets
GfxDevice: creating device client; threaded=0
Direct3D:
    Version:  Direct3D 11.0 [level 11.1]
    Renderer: NVIDIA GeForce RTX 2070 (ID=0x1f14)
    Vendor:   
    VRAM:     8031 MB
    Driver:   30.0.14.9649
Initialize mono
Mono path[0] = 'C:/Program Files/Unity 2020.3.21f1/Editor/Data/Managed'
Mono path[1] = 'C:/Program Files/Unity 2020.3.21f1/Editor/Data/MonoBleedingEdge/lib/mono/unityjit'
Mono config path = 'C:/Program Files/Unity 2020.3.21f1/Editor/Data/MonoBleedingEdge/etc'
Using monoOptions --debugger-agent=transport=dt_socket,embedding=1,server=y,suspend=n,address=127.0.0.1:56724
Begin MonoManager ReloadAssembly
Registering precompiled unity dll's ...
Register platform support module: C:/Program Files/Unity 2020.3.21f1/Editor/Data/PlaybackEngines/WindowsStandaloneSupport/UnityEditor.WindowsStandalone.Extensions.dll
Registered in 0.001885 seconds.
Native extension for WindowsStandalone target not found
Refreshing native plugins compatible for Editor in 40.02 ms, found 2 plugins.
Preloading 0 native plugins for Editor in 0.00 ms.
Mono: successfully reloaded assembly
- Completed reload, in  0.880 seconds
Domain Reload Profiling:
	ReloadAssembly (880ms)
		BeginReloadAssembly (48ms)
			ExecutionOrderSort (0ms)
			DisableScriptedObjects (0ms)
			BackupInstance (0ms)
			ReleaseScriptingObjects (0ms)
			CreateAndSetChildDomain (1ms)
		EndReloadAssembly (386ms)
			LoadAssemblies (46ms)
			RebuildTransferFunctionScriptingTraits (0ms)
			SetupTypeCache (135ms)
			ReleaseScriptCaches (0ms)
			RebuildScriptCaches (25ms)
			SetupLoadedEditorAssemblies (144ms)
				LogAssemblyErrors (0ms)
				InitializePlatformSupportModulesInManaged (4ms)
				SetLoadedEditorAssemblies (0ms)
				RefreshPlugins (40ms)
				BeforeProcessingInitializeOnLoad (14ms)
				ProcessInitializeOnLoadAttributes (64ms)
				ProcessInitializeOnLoadMethodAttributes (22ms)
				AfterProcessingInitializeOnLoad (0ms)
				EditorAssembliesLoaded (0ms)
			ExecutionOrderSort2 (0ms)
			AwakeInstancesAfterBackupRestoration (0ms)
Platform modules already initialized, skipping
Registering precompiled user dll's ...
Registered in 0.003033 seconds.
Begin MonoManager ReloadAssembly
Native extension for WindowsStandalone target not found
Refreshing native plugins compatible for Editor in 40.65 ms, found 2 plugins.
Preloading 0 native plugins for Editor in 0.00 ms.
Mono: successfully reloaded assembly
- Completed reload, in  1.000 seconds
Domain Reload Profiling:
	ReloadAssembly (1000ms)
		BeginReloadAssembly (127ms)
			ExecutionOrderSort (0ms)
			DisableScriptedObjects (4ms)
			BackupInstance (0ms)
			ReleaseScriptingObjects (0ms)
			CreateAndSetChildDomain (17ms)
		EndReloadAssembly (820ms)
			LoadAssemblies (79ms)
			RebuildTransferFunctionScriptingTraits (0ms)
			SetupTypeCache (273ms)
			ReleaseScriptCaches (0ms)
			RebuildScriptCaches (38ms)
			SetupLoadedEditorAssemblies (328ms)
				LogAssemblyErrors (0ms)
				InitializePlatformSupportModulesInManaged (4ms)
				SetLoadedEditorAssemblies (0ms)
				RefreshPlugins (41ms)
				BeforeProcessingInitializeOnLoad (66ms)
				ProcessInitializeOnLoadAttributes (201ms)
				ProcessInitializeOnLoadMethodAttributes (8ms)
				AfterProcessingInitializeOnLoad (7ms)
				EditorAssembliesLoaded (0ms)
			ExecutionOrderSort2 (0ms)
			AwakeInstancesAfterBackupRestoration (6ms)
Platform modules already initialized, skipping
========================================================================
Worker process is ready to serve import requests
Launched and connected shader compiler UnityShaderCompiler.exe after 0.04 seconds
Refreshing native plugins compatible for Editor in 0.59 ms, found 2 plugins.
Preloading 0 native plugins for Editor in 0.00 ms.
Unloading 2186 Unused Serialized files (Serialized files now loaded: 0)
System memory in use before: 94.7 MB.
System memory in use after: 94.8 MB.

Unloading 22 unused Assets to reduce memory usage. Loaded Objects now: 2621.
Total: 3.462300 ms (FindLiveObjects: 0.372100 ms CreateObjectMapping: 0.161900 ms MarkObjects: 2.829700 ms  DeleteObjects: 0.097200 ms)

AssetImportParameters requested are different than current active one (requested -> active):
  custom:framework-win-MediaFoundation: 216162199b28c13a410421893ffa2e32 -> 
  custom:video-decoder-ogg-theora: a1e56fd34408186e4bbccfd4996cb3dc -> 
  custom:container-muxer-webm: aa71ff27fc2769a1b78a27578f13a17b -> 
  custom:container-demuxer-webm: 4f35f7cbe854078d1ac9338744f61a02 -> 
  custom:container-demuxer-ogg: 62fdf1f143b41e24485cea50d1cbac27 -> 
  custom:video-encoder-webm-vp8: eb34c28f22e8b96e1ab97ce403110664 -> 
  custom:video-decoder-webm-vp8: 9c59270c3fd7afecdb556c50c9e8de78 -> 
  custom:audio-decoder-ogg-vorbis: bf7c407c2cedff20999df2af8eb42d56 -> 
  custom:audio-encoder-webm-vorbis: bf7c407c2cedff20999df2af8eb42d56 -> 
========================================================================
Received Import Request.
  path: Assets
  artifactKey: Guid(00000000000000001000000000000000) Importer(815301076,1909f56bfc062723c751e8b465ee728b)
Start importing Assets using Guid(00000000000000001000000000000000) Importer(815301076,1909f56bfc062723c751e8b465ee728b)  -> (artifact id: '42d402b061de3733987d63b9cc3b64de') in 0.005894 seconds 
  Import took 0.146665 seconds .

========================================================================
Received Import Request.
  Time since last request: 4.342527 seconds.
  path: Assets/Skybox
  artifactKey: Guid(c475b619bc181c04f8eeb089e3bdb076) Importer(815301076,1909f56bfc062723c751e8b465ee728b)
Start importing Assets/Skybox using Guid(c475b619bc181c04f8eeb089e3bdb076) Importer(815301076,1909f56bfc062723c751e8b465ee728b)  -> (artifact id: 'ce502c90e1625fda9f2ba3475a8d6381') in 0.001439 seconds 
  Import took 0.048130 seconds .

========================================================================
Received Import Request.
  Time since last request: 30.904233 seconds.
  path: Assets/Skybox/back.png
  artifactKey: Guid(b2df4b5c987983a4ea6fc8a0e6ac6d8c) Importer(815301076,1909f56bfc062723c751e8b465ee728b)
Start importing Assets/Skybox/back.png using Guid(b2df4b5c987983a4ea6fc8a0e6ac6d8c) Importer(815301076,1909f56bfc062723c751e8b465ee728b)  -> (artifact id: '9325235f5c77205b5ef65045c7aae1f2') in 0.085264 seconds 
  Import took 0.106262 seconds .

========================================================================
Received Import Request.
  Time since last request: 0.000205 seconds.
  path: Assets/Skybox/top.png
  artifactKey: Guid(b4d6fd17a648ef243b490199007b4838) Importer(815301076,1909f56bfc062723c751e8b465ee728b)
Start importing Assets/Skybox/top.png using Guid(b4d6fd17a648ef243b490199007b4838) Importer(815301076,1909f56bfc062723c751e8b465ee728b)  -> (artifact id: '50e5165d047e28478cecb9b85f5f7123') in 0.008615 seconds 
  Import took 0.027786 seconds .

========================================================================
Received Import Request.
  Time since last request: 0.000208 seconds.
  path: Assets/Skybox/bottom.png
  artifactKey: Guid(c26c25553fd992a4896e35bf3fbcd545) Importer(815301076,1909f56bfc062723c751e8b465ee728b)
Start importing Assets/Skybox/bottom.png using Guid(c26c25553fd992a4896e35bf3fbcd545) Importer(815301076,1909f56bfc062723c751e8b465ee728b)  -> (artifact id: '243c14035265b39db405f0c03a0c2478') in 0.007462 seconds 
  Import took 0.018034 seconds .

========================================================================
Received Import Request.
  Time since last request: 0.000473 seconds.
  path: Assets/Skybox/left.png
  artifactKey: Guid(739a5ac15e520884989437acca8e280c) Importer(815301076,1909f56bfc062723c751e8b465ee728b)
Start importing Assets/Skybox/left.png using Guid(739a5ac15e520884989437acca8e280c) Importer(815301076,1909f56bfc062723c751e8b465ee728b)  -> (artifact id: 'b30a743774a279d209f2828975c7f293') in 0.007256 seconds 
  Import took 0.056185 seconds .

========================================================================
Received Import Request.
  Time since last request: 0.000434 seconds.
  path: Assets/Skybox/right.png
  artifactKey: Guid(7a1ef75cc75ae60478d01428b1c686df) Importer(815301076,1909f56bfc062723c751e8b465ee728b)
Start importing Assets/Skybox/right.png using Guid(7a1ef75cc75ae60478d01428b1c686df) Importer(815301076,1909f56bfc062723c751e8b465ee728b)  -> (artifact id: '0768764460d3bd1250fb30b8a134360a') in 0.014516 seconds 
  Import took 0.044654 seconds .

========================================================================
Received Import Request.
  Time since last request: 0.000206 seconds.
  path: Assets/Skybox/front.png
  artifactKey: Guid(5f461deb7283d59458c4a6d41f3881e7) Importer(815301076,1909f56bfc062723c751e8b465ee728b)
Start importing Assets/Skybox/front.png using Guid(5f461deb7283d59458c4a6d41f3881e7) Importer(815301076,1909f56bfc062723c751e8b465ee728b)  -> (artifact id: 'c96852fee4c4f4e40126d088acf1ad23') in 0.008133 seconds 
  Import took 0.050350 seconds .

========================================================================
Received Import Request.
  Time since last request: 341.752859 seconds.
  path: Assets/Skybox/back.png
  artifactKey: Guid(b2df4b5c987983a4ea6fc8a0e6ac6d8c) Importer(815301076,1909f56bfc062723c751e8b465ee728b)
Start importing Assets/Skybox/back.png using Guid(b2df4b5c987983a4ea6fc8a0e6ac6d8c) Importer(815301076,1909f56bfc062723c751e8b465ee728b)  -> (artifact id: 'cd4a53cdfa3cb46b6ac4227dd14347d7') in 0.009591 seconds 
  Import took 0.013014 seconds .

========================================================================
Received Import Request.
  Time since last request: 4.299838 seconds.
  path: Assets/Skybox/bottom.png
  artifactKey: Guid(c26c25553fd992a4896e35bf3fbcd545) Importer(815301076,1909f56bfc062723c751e8b465ee728b)
Start importing Assets/Skybox/bottom.png using Guid(c26c25553fd992a4896e35bf3fbcd545) Importer(815301076,1909f56bfc062723c751e8b465ee728b)  -> (artifact id: '21bc3b4bb05e8d3be603f9c15da988eb') in 0.012659 seconds 
  Import took 0.043810 seconds .

========================================================================
Received Import Request.
  Time since last request: 4.095329 seconds.
  path: Assets/Skybox/front.png
  artifactKey: Guid(5f461deb7283d59458c4a6d41f3881e7) Importer(815301076,1909f56bfc062723c751e8b465ee728b)
Start importing Assets/Skybox/front.png using Guid(5f461deb7283d59458c4a6d41f3881e7) Importer(815301076,1909f56bfc062723c751e8b465ee728b)  -> (artifact id: 'da9ec5768be618953d4b8f56467f780c') in 0.024007 seconds 
  Import took 0.066398 seconds .

========================================================================
Received Import Request.
  Time since last request: 13.199951 seconds.
  path: Assets/Skybox/left.png
  artifactKey: Guid(739a5ac15e520884989437acca8e280c) Importer(815301076,1909f56bfc062723c751e8b465ee728b)
Start importing Assets/Skybox/left.png using Guid(739a5ac15e520884989437acca8e280c) Importer(815301076,1909f56bfc062723c751e8b465ee728b)  -> (artifact id: 'fd89123ac910819cd78906fddfd6181b') in 0.010779 seconds 
  Import took 0.014767 seconds .

========================================================================
Received Import Request.
  Time since last request: 9.175577 seconds.
  path: Assets/Skybox/right.png
  artifactKey: Guid(7a1ef75cc75ae60478d01428b1c686df) Importer(815301076,1909f56bfc062723c751e8b465ee728b)
Start importing Assets/Skybox/right.png using Guid(7a1ef75cc75ae60478d01428b1c686df) Importer(815301076,1909f56bfc062723c751e8b465ee728b)  -> (artifact id: '248966cdaae98d2c0055066e1653fbd1') in 0.007151 seconds 
  Import took 0.011348 seconds .

========================================================================
Received Import Request.
  Time since last request: 4.898957 seconds.
  path: Assets/Skybox/top.png
  artifactKey: Guid(b4d6fd17a648ef243b490199007b4838) Importer(815301076,1909f56bfc062723c751e8b465ee728b)
Start importing Assets/Skybox/top.png using Guid(b4d6fd17a648ef243b490199007b4838) Importer(815301076,1909f56bfc062723c751e8b465ee728b)  -> (artifact id: '5b111734d0e3a38ce7e086edd5ccc1c9') in 0.083259 seconds 
  Import took 0.110603 seconds .

========================================================================
Received Import Request.
  Time since last request: 43.217686 seconds.
  path: Assets/Skybox/Skybox.mat
  artifactKey: Guid(ccee4aca8935ed84d8f8ed3ae2f9f0ea) Importer(815301076,1909f56bfc062723c751e8b465ee728b)
Start importing Assets/Skybox/Skybox.mat using Guid(ccee4aca8935ed84d8f8ed3ae2f9f0ea) Importer(815301076,1909f56bfc062723c751e8b465ee728b)  -> (artifact id: 'b717f147ce2aaa5d73335709bbc4ffba') in 0.076629 seconds 
  Import took 0.080064 seconds .

========================================================================
Received Prepare
Registering precompiled user dll's ...
Registered in 0.002948 seconds.
Begin MonoManager ReloadAssembly
Native extension for WindowsStandalone target not found
Refreshing native plugins compatible for Editor in 0.45 ms, found 2 plugins.
Preloading 0 native plugins for Editor in 0.00 ms.
Mono: successfully reloaded assembly
- Completed reload, in  0.919 seconds
Domain Reload Profiling:
	ReloadAssembly (919ms)
		BeginReloadAssembly (119ms)
			ExecutionOrderSort (0ms)
			DisableScriptedObjects (3ms)
			BackupInstance (0ms)
			ReleaseScriptingObjects (0ms)
			CreateAndSetChildDomain (33ms)
		EndReloadAssembly (745ms)
			LoadAssemblies (79ms)
			RebuildTransferFunctionScriptingTraits (0ms)
			SetupTypeCache (270ms)
			ReleaseScriptCaches (1ms)
			RebuildScriptCaches (31ms)
			SetupLoadedEditorAssemblies (271ms)
				LogAssemblyErrors (0ms)
				InitializePlatformSupportModulesInManaged (4ms)
				SetLoadedEditorAssemblies (0ms)
				RefreshPlugins (1ms)
				BeforeProcessingInitializeOnLoad (65ms)
				ProcessInitializeOnLoadAttributes (187ms)
				ProcessInitializeOnLoadMethodAttributes (8ms)
				AfterProcessingInitializeOnLoad (7ms)
				EditorAssembliesLoaded (0ms)
			ExecutionOrderSort2 (0ms)
			AwakeInstancesAfterBackupRestoration (6ms)
Platform modules already initialized, skipping
Refreshing native plugins compatible for Editor in 0.42 ms, found 2 plugins.
Preloading 0 native plugins for Editor in 0.00 ms.
Unloading 2158 Unused Serialized files (Serialized files now loaded: 0)
System memory in use before: 95.9 MB.
System memory in use after: 96.0 MB.

Unloading 15 unused Assets to reduce memory usage. Loaded Objects now: 2664.
Total: 3.128000 ms (FindLiveObjects: 0.213800 ms CreateObjectMapping: 0.083600 ms MarkObjects: 2.727900 ms  DeleteObjects: 0.101600 ms)

AssetImportParameters requested are different than current active one (requested -> active):
  custom:framework-win-MediaFoundation: 216162199b28c13a410421893ffa2e32 -> 
  custom:video-decoder-ogg-theora: a1e56fd34408186e4bbccfd4996cb3dc -> 
  custom:container-muxer-webm: aa71ff27fc2769a1b78a27578f13a17b -> 
  custom:container-demuxer-webm: 4f35f7cbe854078d1ac9338744f61a02 -> 
  custom:container-demuxer-ogg: 62fdf1f143b41e24485cea50d1cbac27 -> 
  custom:video-encoder-webm-vp8: eb34c28f22e8b96e1ab97ce403110664 -> 
  custom:video-decoder-webm-vp8: 9c59270c3fd7afecdb556c50c9e8de78 -> 
  custom:audio-decoder-ogg-vorbis: bf7c407c2cedff20999df2af8eb42d56 -> 
  custom:audio-encoder-webm-vorbis: bf7c407c2cedff20999df2af8eb42d56 -> 
========================================================================
Received Import Request.
  Time since last request: 1574.132715 seconds.
  path: Assets/Skybox/Skybox.mat
  artifactKey: Guid(ccee4aca8935ed84d8f8ed3ae2f9f0ea) Importer(815301076,1909f56bfc062723c751e8b465ee728b)
Start importing Assets/Skybox/Skybox.mat using Guid(ccee4aca8935ed84d8f8ed3ae2f9f0ea) Importer(815301076,1909f56bfc062723c751e8b465ee728b)  -> (artifact id: '609cedf19d4c4c3b1a08f4c249e6f709') in 0.066990 seconds 
  Import took 0.083465 seconds .

AssetImportWorkerClient::OnTransportError - code=2 error=End of file
